[INFO] 19:14:59:191 lasti tp0/(11614:11614): hola soy lasti123
[INFO] 20:53:26:174 lasti tp0/(4659:4659): hola soy lasti123
[INFO] 20:55:16:968 lasti tp0/(4698:4698): hola soy lasti123
[INFO] 20:55:17:135 lasti tp0/(4698:4698): 
[INFO] 20:55:47:270 lasti tp0/(20024:20024): hola soy lasti123
[INFO] 20:56:38:453 lasti tp0/(9559:9559): hola soy lasti123
[INFO] 20:56:38:755 lasti tp0/(9559:9559): 
[INFO] 20:59:11:775 lasti tp0/(3175:3175): hola soy lasti123
[INFO] 20:59:11:0 lasti tp0/(3175:3175): 
[INFO] 21:18:22:158 lasti tp0/(4254:4254): hola soy lasti123
[INFO] 21:19:55:998 lasti tp0/(23219:23219): hola soy lasti123
[INFO] 21:20:43:606 lasti tp0/(23231:23231): hola soy lasti123
[INFO] 21:21:05:777 lasti tp0/(23247:23247): hola soy lasti123
[INFO] 21:21:37:340 lasti tp0/(23295:23295): hola soy lasti123
[INFO] 21:21:37:342 lasti tp0/(23295:23295): test servidor up 

[INFO] 22:05:59:651 lasti tp0/(24656:24656): hola soy lasti123
[INFO] 22:05:59:659 lasti tp0/(24656:24656): test servidor up 

[INFO] 22:09:43:817 lasti tp0/(24818:24818): hola soy lasti123
[INFO] 22:09:43:820 lasti tp0/(24818:24818): test servidor up 

[INFO] 20:51:49:702 lasti tp0/(4777:4777): hola soy lasti123
[INFO] 20:51:49:704 lasti tp0/(4777:4777): test servidor up 

[INFO] 20:58:13:46 lasti tp0/(5233:5233): hola soy lasti123
[INFO] 20:58:13:46 lasti tp0/(5233:5233): LAST°—s·
[INFO] 20:59:05:776 lasti tp0/(5313:5313): hola soy lasti123
[INFO] 20:59:05:784 lasti tp0/(5313:5313): LASTI×y·
[INFO] 21:01:15:133 lasti tp0/(5421:5421): hola soy lasti123
[INFO] 21:01:15:134 lasti tp0/(5421:5421): LASTIII
