[INFO] 19:45:50:141 Conexion_con_Todos/(13217:13271): Log del Broker creado
[INFO] 19:45:50:141 Conexion_con_Todos/(13217:13271): Proceso a conectar: Todos

[INFO] 19:45:50:141 Conexion_con_Todos/(13217:13271): Iniciando servidor en el puerto: 6001
[INFO] 19:45:50:141 Conexion_con_Todos/(13217:13271): Escuchando en el socket 5, en el thread -1260573888
[INFO] 19:47:39:395 Conexion_con_Todos/(13325:13372): Log del Broker creado
[INFO] 19:47:39:395 Conexion_con_Todos/(13325:13372): Proceso a conectar: Todos

[INFO] 19:47:39:395 Conexion_con_Todos/(13325:13372): Iniciando servidor en el puerto: 6001
[INFO] 19:47:39:396 Conexion_con_Todos/(13325:13372): Escuchando en el socket 5, en el thread -1260573888
[INFO] 19:47:39:396 Conexion_con_Todos/(13325:13372): Esperando conexion en el thread -1260573888
[INFO] 19:48:00:988 Conexion_con_Todos/(13325:13372): Conexion aceptada
[INFO] 19:48:26:49 Conexion_con_Todos/(13325:13408): Se creo un thread -1270875328 para atender la conexion del cliente 6

[INFO] 19:48:26:50 Conexion_con_Todos/(13325:13408): se recibieron 4 bytes
[INFO] 19:48:26:50 Conexion_con_Todos/(13325:13408): se recibio la cod op: 1

[INFO] 19:48:29:439 Conexion_con_Todos/(13325:13408): Esperando recibir tamanio del stream

[INFO] 19:48:29:439 Conexion_con_Todos/(13325:13408): Se solicito recibir un tamanio de stream de: 30

[INFO] 19:48:29:439 Conexion_con_Todos/(13325:13408): id de new recibido: 0
[INFO] 19:48:29:439 Conexion_con_Todos/(13325:13408): size_nombre de new recibido: 10
[INFO] 19:48:29:439 Conexion_con_Todos/(13325:13408): nombre de new recibido: pepitoPan
[INFO] 19:48:29:439 Conexion_con_Todos/(13325:13408): posX de new recibida: 4
[INFO] 19:48:29:439 Conexion_con_Todos/(13325:13408): posY de new recibida: 5

[INFO] 19:48:29:440 Conexion_con_Todos/(13325:13408): cantidad de new recibida: 6

[INFO] 19:48:29:440 Conexion_con_Todos/(13325:13408): Se envio el ID 99, (4 bytes)
[INFO] 19:48:29:440 Conexion_con_Todos/(13325:13408): Se recibio la confirmacion del mensaje enviado

[INFO] 19:48:29:440 Conexion_con_Todos/(13325:13408): La cola de NEW tiene, 1 elementos

[INFO] 19:48:42:262 Conexion_con_Todos/(13325:13372): Esperando conexion en el thread -1260573888
[INFO] 19:48:56:730 Conexion_con_Todos/(13325:13372): Conexion aceptada
[INFO] 19:48:56:731 Conexion_con_Todos/(13325:13433): Se creo un thread -1281361088 para atender la conexion del cliente 7

[INFO] 19:48:56:731 Conexion_con_Todos/(13325:13433): se recibieron 4 bytes
[INFO] 19:48:56:731 Conexion_con_Todos/(13325:13433): se recibio la cod op: 1

[INFO] 19:48:56:731 Conexion_con_Todos/(13325:13433): Esperando recibir tamanio del stream

[INFO] 19:48:56:731 Conexion_con_Todos/(13325:13433): Se solicito recibir un tamanio de stream de: 30

[INFO] 19:48:56:731 Conexion_con_Todos/(13325:13433): id de new recibido: 0
[INFO] 19:48:56:731 Conexion_con_Todos/(13325:13433): size_nombre de new recibido: 10
[INFO] 19:48:56:731 Conexion_con_Todos/(13325:13433): nombre de new recibido: pepitoPan
[INFO] 19:48:56:731 Conexion_con_Todos/(13325:13433): posX de new recibida: 4
[INFO] 19:48:56:731 Conexion_con_Todos/(13325:13433): posY de new recibida: 5

[INFO] 19:48:56:731 Conexion_con_Todos/(13325:13433): cantidad de new recibida: 6

[INFO] 19:48:56:731 Conexion_con_Todos/(13325:13433): Se envio el ID 99, (4 bytes)
[INFO] 19:48:56:732 Conexion_con_Todos/(13325:13433): Se recibio la confirmacion del mensaje enviado

[INFO] 19:48:56:732 Conexion_con_Todos/(13325:13433): La cola de NEW tiene, 2 elementos

[INFO] 19:48:56:735 Conexion_con_Todos/(13325:13372): Esperando conexion en el thread -1260573888
[INFO] 19:49:29:861 Conexion_con_Todos/(13471:13523): Log del Broker creado
[INFO] 19:49:29:861 Conexion_con_Todos/(13471:13523): Proceso a conectar: Todos

[INFO] 19:49:29:861 Conexion_con_Todos/(13471:13523): Iniciando servidor en el puerto: 6001
[INFO] 19:49:29:861 Conexion_con_Todos/(13471:13523): Escuchando en el socket 5, en el thread -1260573888
[INFO] 19:49:29:861 Conexion_con_Todos/(13471:13523): Esperando conexion en el thread -1260573888
[INFO] 19:49:56:518 Conexion_con_Todos/(13554:13598): Log del Broker creado
[INFO] 19:49:59:528 Conexion_con_Todos/(13554:13598): Proceso a conectar: Todos

[INFO] 19:49:59:528 Conexion_con_Todos/(13554:13598): Iniciando servidor en el puerto: 6001
[INFO] 19:49:59:528 Conexion_con_Todos/(13554:13598): Escuchando en el socket 5, en el thread -1260573888
[INFO] 19:49:59:528 Conexion_con_Todos/(13554:13598): Esperando conexion en el thread -1260573888
[INFO] 19:50:10:967 Conexion_con_Todos/(13629:13647): Log del Broker creado
[INFO] 19:50:10:967 Conexion_con_Todos/(13629:13647): Proceso a conectar: Todos

[INFO] 19:50:10:967 Conexion_con_Todos/(13629:13647): Iniciando servidor en el puerto: 6001
[INFO] 19:50:10:967 Conexion_con_Todos/(13629:13647): Escuchando en el socket 5, en el thread -1260573888
[INFO] 19:50:10:967 Conexion_con_Todos/(13629:13647): Esperando conexion en el thread -1260573888
[INFO] 19:50:52:943 Conexion_con_Todos/(13695:13711): Log del Broker creado
[INFO] 19:50:52:943 Conexion_con_Todos/(13695:13711): Proceso a conectar: Todos

[INFO] 19:50:52:943 Conexion_con_Todos/(13695:13711): Iniciando servidor en el puerto: 6001
[INFO] 19:50:52:943 Conexion_con_Todos/(13695:13711): Escuchando en el socket 5, en el thread -1260573888
[INFO] 19:50:52:943 Conexion_con_Todos/(13695:13711): Esperando conexion en el thread -1260573888
[INFO] 19:51:10:61 Conexion_con_Todos/(13740:13789): Log del Broker creado
[INFO] 19:51:10:61 Conexion_con_Todos/(13740:13789): Proceso a conectar: Todos

[INFO] 19:51:10:61 Conexion_con_Todos/(13740:13789): Iniciando servidor en el puerto: 6001
[INFO] 19:51:10:61 Conexion_con_Todos/(13740:13789): Escuchando en el socket 5, en el thread -1260573888
[INFO] 19:51:10:61 Conexion_con_Todos/(13740:13789): Esperando conexion en el thread -1260573888
[INFO] 19:51:26:607 Conexion_con_Todos/(13740:13789): Conexion aceptada
[INFO] 19:51:40:241 Conexion_con_Todos/(13740:13789): Esperando conexion en el thread -1260573888
[INFO] 19:51:40:932 Conexion_con_Todos/(13740:13818): Se creo un thread -1270875328 para atender la conexion del cliente 6

[INFO] 19:52:08:944 Conexion_con_Todos/(13740:13818): se recibieron 4 bytes
[INFO] 19:52:09:456 Conexion_con_Todos/(13740:13818): se recibio la cod op: 1

[INFO] 19:52:12:82 Conexion_con_Todos/(13740:13818): Esperando recibir tamanio del stream

[INFO] 19:52:12:82 Conexion_con_Todos/(13740:13818): Se solicito recibir un tamanio de stream de: 30

[INFO] 19:52:12:82 Conexion_con_Todos/(13740:13818): id de new recibido: 0
[INFO] 19:52:12:82 Conexion_con_Todos/(13740:13818): size_nombre de new recibido: 10
[INFO] 19:52:12:82 Conexion_con_Todos/(13740:13818): nombre de new recibido: pepitoPan
[INFO] 19:52:12:82 Conexion_con_Todos/(13740:13818): posX de new recibida: 4
[INFO] 19:52:12:82 Conexion_con_Todos/(13740:13818): posY de new recibida: 5

[INFO] 19:52:12:82 Conexion_con_Todos/(13740:13818): cantidad de new recibida: 6

[INFO] 19:52:12:82 Conexion_con_Todos/(13740:13818): Se envio el ID 99, (4 bytes)
[INFO] 19:52:12:83 Conexion_con_Todos/(13740:13818): Se recibio la confirmacion del mensaje enviado

[INFO] 19:52:12:83 Conexion_con_Todos/(13740:13818): La cola de NEW tiene, 1 elementos

[INFO] 19:52:34:610 Conexion_con_Todos/(13740:13789): Conexion aceptada
[INFO] 19:52:48:407 Conexion_con_Todos/(13740:13789): Esperando conexion en el thread -1260573888
[INFO] 19:52:48:825 Conexion_con_Todos/(13740:13885): Se creo un thread -1281361088 para atender la conexion del cliente 7

[INFO] 19:52:58:745 Conexion_con_Todos/(13740:13885): se recibieron 4 bytes
[INFO] 19:52:59:863 Conexion_con_Todos/(13740:13885): se recibio la cod op: 7

[INFO] 19:53:01:68 Conexion_con_Todos/(13740:13885): Se recibio la cola a suscribirse: 4

[WARNING] 19:53:01:68 Conexion_con_Todos/(13740:13885): Aun no recibo esa cola

[INFO] 19:53:01:68 Conexion_con_Todos/(13740:13885): Se envio la confirmacion (4 bytes)
[INFO] 19:54:11:166 Conexion_con_Todos/(13991:14039): Log del Broker creado
[INFO] 19:54:11:166 Conexion_con_Todos/(13991:14039): Proceso a conectar: Todos

[INFO] 19:54:11:166 Conexion_con_Todos/(13991:14039): Iniciando servidor en el puerto: 6001
[INFO] 19:54:11:166 Conexion_con_Todos/(13991:14039): Escuchando en el socket 5, en el thread -1260573888
[INFO] 19:54:11:166 Conexion_con_Todos/(13991:14039): Esperando conexion en el thread -1260573888
[INFO] 19:54:28:151 Conexion_con_Todos/(13991:14039): Conexion aceptada
[INFO] 19:54:33:224 Conexion_con_Todos/(13991:14039): Esperando conexion en el thread -1260573888
[INFO] 19:54:33:225 Conexion_con_Todos/(13991:14072): Se creo un thread -1270875328 para atender la conexion del cliente 6

[INFO] 19:54:34:495 Conexion_con_Todos/(13991:14072): se recibieron 4 bytes
[INFO] 19:54:34:692 Conexion_con_Todos/(13991:14072): se recibio la cod op: 7

[INFO] 19:54:46:596 Conexion_con_Todos/(13991:14072): Se recibio la cola a suscribirse: 4

[WARNING] 19:56:35:904 Conexion_con_Todos/(13991:14072): Aun no recibo esa cola

[INFO] 19:56:48:802 Conexion_con_Todos/(13991:14072): Se envio la confirmacion (4 bytes)
